launcher/build/intermediates/manifest_merge_blame_file/debug/manifest-merger-blame-debug-report.txt
1<?xml version="1.0" encoding="utf-8"?>
2<manifest xmlns:android="http://schemas.android.com/apk/res/android"
3    package="com.JohnHoo.AnimalWar"
4    android:installLocation="preferExternal"
5    android:versionCode="1"
6    android:versionName="1.0" >
7
8    <uses-sdk
9        android:minSdkVersion="22"
9-->src\main\AndroidManifest.xml
10        android:targetSdkVersion="30" />
10-->src\main\AndroidManifest.xml
11
12    <supports-screens
12-->src\main\AndroidManifest.xml:3:3-163
13        android:anyDensity="true"
13-->src\main\AndroidManifest.xml:3:135-160
14        android:largeScreens="true"
14-->src\main\AndroidManifest.xml:3:78-105
15        android:normalScreens="true"
15-->src\main\AndroidManifest.xml:3:49-77
16        android:smallScreens="true"
16-->src\main\AndroidManifest.xml:3:21-48
17        android:xlargeScreens="true" />
17-->src\main\AndroidManifest.xml:3:106-134
18
19    <uses-permission android:name="android.permission.ACCESS_NETWORK_STATE" />
19-->src\main\AndroidManifest.xml:7:3-77
19-->src\main\AndroidManifest.xml:7:20-74
20    <uses-permission android:name="android.permission.INTERNET" />
20-->src\main\AndroidManifest.xml:8:3-65
20-->src\main\AndroidManifest.xml:8:20-62
21
22    <uses-feature android:glEsVersion="0x00020000" />
22-->[:unityLibrary] AndroidManifest.xml:12:5-54
22-->[:unityLibrary] AndroidManifest.xml:12:19-51
23    <uses-feature
23-->[:unityLibrary] AndroidManifest.xml:17:5-19:36
24        android:name="android.hardware.touchscreen"
24-->[:unityLibrary] AndroidManifest.xml:18:9-52
25        android:required="false" />
25-->[:unityLibrary] AndroidManifest.xml:19:9-33
26    <uses-feature
26-->[:unityLibrary] AndroidManifest.xml:20:5-22:36
27        android:name="android.hardware.touchscreen.multitouch"
27-->[:unityLibrary] AndroidManifest.xml:21:9-63
28        android:required="false" />
28-->[:unityLibrary] AndroidManifest.xml:22:9-33
29    <uses-feature
29-->[:unityLibrary] AndroidManifest.xml:23:5-25:36
30        android:name="android.hardware.touchscreen.multitouch.distinct"
30-->[:unityLibrary] AndroidManifest.xml:24:9-72
31        android:required="false" />
31-->[:unityLibrary] AndroidManifest.xml:25:9-33
32
33    <uses-permission android:name="com.android.vending.BILLING" />
33-->[:billing-4.0.0:] AndroidManifest.xml:10:5-67
33-->[:billing-4.0.0:] AndroidManifest.xml:10:22-64
34
35    <application
35-->src\main\AndroidManifest.xml:4:3-6:17
36        android:banner="@drawable/app_banner"
36-->src\main\AndroidManifest.xml:4:81-118
37        android:debuggable="true"
38        android:extractNativeLibs="true"
38-->[:unityLibrary] AndroidManifest.xml:28:9-41
39        android:icon="@mipmap/app_icon"
39-->src\main\AndroidManifest.xml:4:49-80
40        android:isGame="true"
40-->[:unityLibrary] AndroidManifest.xml:29:9-30
41        android:label="@string/app_name"
41-->src\main\AndroidManifest.xml:4:16-48
42        android:testOnly="true" >
43        <meta-data
43-->src\main\AndroidManifest.xml:5:5-79
44            android:name="unity.builder"
44-->src\main\AndroidManifest.xml:5:16-44
45            android:value="\12370031557456" />
45-->src\main\AndroidManifest.xml:5:45-76
46
47        <activity
47-->[:unityLibrary] AndroidManifest.xml:30:9-51:20
48            android:name="com.unity3d.player.UnityPlayerActivity"
48-->[:unityLibrary] AndroidManifest.xml:31:13-66
49            android:configChanges="mcc|mnc|locale|touchscreen|keyboard|keyboardHidden|navigation|orientation|screenLayout|uiMode|screenSize|smallestScreenSize|fontScale|layoutDirection|density"
49-->[:unityLibrary] AndroidManifest.xml:32:13-194
50            android:hardwareAccelerated="false"
50-->[:unityLibrary] AndroidManifest.xml:33:13-48
51            android:launchMode="singleTask"
51-->[:unityLibrary] AndroidManifest.xml:34:13-44
52            android:resizeableActivity="false"
52-->[:unityLibrary] AndroidManifest.xml:35:13-47
53            android:screenOrientation="fullUser"
53-->[:unityLibrary] AndroidManifest.xml:36:13-49
54            android:theme="@style/UnityThemeSelector" >
54-->[:unityLibrary] AndroidManifest.xml:37:13-54
55            <intent-filter>
55-->[:unityLibrary] AndroidManifest.xml:38:13-43:29
56                <action android:name="android.intent.action.MAIN" />
56-->[:unityLibrary] AndroidManifest.xml:39:17-69
56-->[:unityLibrary] AndroidManifest.xml:39:25-66
57
58                <category android:name="android.intent.category.LAUNCHER" />
58-->[:unityLibrary] AndroidManifest.xml:41:17-77
58-->[:unityLibrary] AndroidManifest.xml:41:27-74
59                <category android:name="android.intent.category.LEANBACK_LAUNCHER" />
59-->[:unityLibrary] AndroidManifest.xml:42:17-86
59-->[:unityLibrary] AndroidManifest.xml:42:27-83
60            </intent-filter>
61
62            <meta-data
62-->[:unityLibrary] AndroidManifest.xml:45:13-47:40
63                android:name="unityplayer.UnityActivity"
63-->[:unityLibrary] AndroidManifest.xml:46:17-57
64                android:value="true" />
64-->[:unityLibrary] AndroidManifest.xml:47:17-37
65            <meta-data
65-->[:unityLibrary] AndroidManifest.xml:48:13-50:40
66                android:name="android.notch_support"
66-->[:unityLibrary] AndroidManifest.xml:49:17-53
67                android:value="true" />
67-->[:unityLibrary] AndroidManifest.xml:50:17-37
68        </activity>
69
70        <meta-data
70-->[:unityLibrary] AndroidManifest.xml:53:9-55:33
71            android:name="unity.splash-mode"
71-->[:unityLibrary] AndroidManifest.xml:54:13-45
72            android:value="0" />
72-->[:unityLibrary] AndroidManifest.xml:55:13-30
73        <meta-data
73-->[:unityLibrary] AndroidManifest.xml:56:9-58:36
74            android:name="unity.splash-enable"
74-->[:unityLibrary] AndroidManifest.xml:57:13-47
75            android:value="True" />
75-->[:unityLibrary] AndroidManifest.xml:58:13-33
76        <meta-data
76-->[:unityLibrary] AndroidManifest.xml:59:9-61:36
77            android:name="unity.launch-fullscreen"
77-->[:unityLibrary] AndroidManifest.xml:60:13-51
78            android:value="True" />
78-->[:unityLibrary] AndroidManifest.xml:61:13-33
79        <meta-data
79-->[:unityLibrary] AndroidManifest.xml:62:9-64:37
80            android:name="unity.allow-resizable-window"
80-->[:unityLibrary] AndroidManifest.xml:63:13-56
81            android:value="False" />
81-->[:unityLibrary] AndroidManifest.xml:64:13-34
82        <meta-data
82-->[:unityLibrary] AndroidManifest.xml:65:9-67:50
83            android:name="notch.config"
83-->[:unityLibrary] AndroidManifest.xml:66:13-40
84            android:value="portrait|landscape" />
84-->[:unityLibrary] AndroidManifest.xml:67:13-47
85
86        <activity
86-->[:UnityAds:] AndroidManifest.xml:13:9-17:74
87            android:name="com.unity3d.services.ads.adunit.AdUnitActivity"
87-->[:UnityAds:] AndroidManifest.xml:14:13-74
88            android:configChanges="fontScale|keyboard|keyboardHidden|locale|mnc|mcc|navigation|orientation|screenLayout|screenSize|smallestScreenSize|uiMode|touchscreen"
88-->[:UnityAds:] AndroidManifest.xml:15:13-170
89            android:hardwareAccelerated="true"
89-->[:UnityAds:] AndroidManifest.xml:16:13-47
90            android:theme="@android:style/Theme.NoTitleBar.Fullscreen" />
90-->[:UnityAds:] AndroidManifest.xml:17:13-71
91        <activity
91-->[:UnityAds:] AndroidManifest.xml:18:9-22:86
92            android:name="com.unity3d.services.ads.adunit.AdUnitTransparentActivity"
92-->[:UnityAds:] AndroidManifest.xml:19:13-85
93            android:configChanges="fontScale|keyboard|keyboardHidden|locale|mnc|mcc|navigation|orientation|screenLayout|screenSize|smallestScreenSize|uiMode|touchscreen"
93-->[:UnityAds:] AndroidManifest.xml:20:13-170
94            android:hardwareAccelerated="true"
94-->[:UnityAds:] AndroidManifest.xml:21:13-47
95            android:theme="@android:style/Theme.Translucent.NoTitleBar.Fullscreen" />
95-->[:UnityAds:] AndroidManifest.xml:22:13-83
96        <activity
96-->[:UnityAds:] AndroidManifest.xml:23:9-27:86
97            android:name="com.unity3d.services.ads.adunit.AdUnitTransparentSoftwareActivity"
97-->[:UnityAds:] AndroidManifest.xml:24:13-93
98            android:configChanges="fontScale|keyboard|keyboardHidden|locale|mnc|mcc|navigation|orientation|screenLayout|screenSize|smallestScreenSize|uiMode|touchscreen"
98-->[:UnityAds:] AndroidManifest.xml:25:13-170
99            android:hardwareAccelerated="false"
99-->[:UnityAds:] AndroidManifest.xml:26:13-48
100            android:theme="@android:style/Theme.Translucent.NoTitleBar.Fullscreen" />
100-->[:UnityAds:] AndroidManifest.xml:27:13-83
101        <activity
101-->[:UnityAds:] AndroidManifest.xml:28:9-32:74
102            android:name="com.unity3d.services.ads.adunit.AdUnitSoftwareActivity"
102-->[:UnityAds:] AndroidManifest.xml:29:13-82
103            android:configChanges="fontScale|keyboard|keyboardHidden|locale|mnc|mcc|navigation|orientation|screenLayout|screenSize|smallestScreenSize|uiMode|touchscreen"
103-->[:UnityAds:] AndroidManifest.xml:30:13-170
104            android:hardwareAccelerated="false"
104-->[:UnityAds:] AndroidManifest.xml:31:13-48
105            android:theme="@android:style/Theme.NoTitleBar.Fullscreen" />
105-->[:UnityAds:] AndroidManifest.xml:32:13-71
106
107        <meta-data
107-->[:billing-4.0.0:] AndroidManifest.xml:13:9-15:37
108            android:name="com.google.android.play.billingclient.version"
108-->[:billing-4.0.0:] AndroidManifest.xml:14:13-73
109            android:value="4.0.0" />
109-->[:billing-4.0.0:] AndroidManifest.xml:15:13-34
110
111        <activity
111-->[:billing-4.0.0:] AndroidManifest.xml:17:9-21:75
112            android:name="com.android.billingclient.api.ProxyBillingActivity"
112-->[:billing-4.0.0:] AndroidManifest.xml:18:13-78
113            android:configChanges="keyboard|keyboardHidden|screenLayout|screenSize|orientation"
113-->[:billing-4.0.0:] AndroidManifest.xml:19:13-96
114            android:exported="false"
114-->[:billing-4.0.0:] AndroidManifest.xml:20:13-37
115            android:theme="@android:style/Theme.Translucent.NoTitleBar" />
115-->[:billing-4.0.0:] AndroidManifest.xml:21:13-72
116    </application>
117
118</manifest>